<?xml version="1.0" encoding="UTF-8"?>
<!-- Generated by org.testng.reporters.JUnitXMLReporter -->
<testsuite hostname="Seachange-PC" ignored="0" name="Menu Testing" tests="1" failures="1" timestamp="21 Jun 2017 03:58:17 GMT" time="0.005" errors="0">
  <testcase name="@AfterClass tearDown" time="0.001" classname="TestScripts.jibe_menu_testing">
    <failure type="java.lang.NullPointerException">
      <![CDATA[java.lang.NullPointerException
	at TestScripts.jibe_menu_testing.tearDown(jibe_menu_testing.java:74)
... Removed 25 stack frames]]>
    </failure>
  </testcase> <!-- @AfterClass tearDown -->
  <testcase name="main" time="0.001" classname="TestScripts.jibe_menu_testing">
    <failure type="java.io.FileNotFoundException" message="C:\Users\Priti\workspace\Mani\TestData\TestData1.xlsx (The system cannot find the path specified)">
      <![CDATA[java.io.FileNotFoundException: C:\Users\Priti\workspace\Mani\TestData\TestData1.xlsx (The system cannot find the path specified)
	at java.io.FileInputStream.open0(Native Method)
	at java.io.FileInputStream.open(Unknown Source)
	at java.io.FileInputStream.<init>(Unknown Source)
	at TestScripts.xl_read.readExcel(xl_read.java:17)
	at TestScripts.jibe_menu_testing.main(jibe_menu_testing.java:14)
... Removed 25 stack frames]]>
    </failure>
  </testcase> <!-- main -->
</testsuite> <!-- Menu Testing -->
